INFO:root:Registering user: testuser
WARNING:passlib.handlers.bcrypt:(trapped) error reading bcrypt version
Traceback (most recent call last):
  File "C:\Users\asus\Desktop\FastAPI\.venv\Lib\site-packages\passlib\handlers\bcrypt.py", line 620, in _load_backend_mixin
    version = _bcrypt.__about__.__version__
              ^^^^^^^^^^^^^^^^^
AttributeError: module 'bcrypt' has no attribute '__about__'
DEBUG:passlib.handlers.bcrypt:detected 'bcrypt' backend, version '<unknown>'
DEBUG:passlib.handlers.bcrypt:'bcrypt' backend lacks $2$ support, enabling workaround
ERROR:root:Error registering user: password cannot be longer than 72 bytes, truncate manually if necessary (e.g. my_password[:72])
Traceback (most recent call last):
  File "C:\Users\asus\Desktop\FastAPI\main.py", line 40, in register
    new_user = crud.create_user(db=db, user=user)
  File "C:\Users\asus\Desktop\FastAPI\crud.py", line 12, in create_user
    hashed_password = pwd_context.hash(user.password)
  File "C:\Users\asus\Desktop\FastAPI\.venv\Lib\site-packages\passlib\context.py", line 2258, in hash
    return record.hash(secret, **kwds)
           ~~~~~~~~~~~^^^^^^^^^^^^^^^^
  File "C:\Users\asus\Desktop\FastAPI\.venv\Lib\site-packages\passlib\utils\handlers.py", line 779, in hash
    self.checksum = self._calc_checksum(secret)
                    ~~~~~~~~~~~~~~~~~~~^^^^^^^^
  File "C:\Users\asus\Desktop\FastAPI\.venv\Lib\site-packages\passlib\handlers\bcrypt.py", line 591, in _calc_checksum
    self._stub_requires_backend()
    ~~~~~~~~~~~~~~~~~~~~~~~~~~~^^
  File "C:\Users\asus\Desktop\FastAPI\.venv\Lib\site-packages\passlib\utils\handlers.py", line 2254, in _stub_requires_backend
    cls.set_backend()
    ~~~~~~~~~~~~~~~^^
  File "C:\Users\asus\Desktop\FastAPI\.venv\Lib\site-packages\passlib\utils\handlers.py", line 2156, in set_backend
    return owner.set_backend(name, dryrun=dryrun)
           ~~~~~~~~~~~~~~~~~^^^^^^^^^^^^^^^^^^^^^
  File "C:\Users\asus\Desktop\FastAPI\.venv\Lib\site-packages\passlib\utils\handlers.py", line 2163, in set_backend
    return cls.set_backend(name, dryrun=dryrun)
           ~~~~~~~~~~~~~~~^^^^^^^^^^^^^^^^^^^^^
  File "C:\Users\asus\Desktop\FastAPI\.venv\Lib\site-packages\passlib\utils\handlers.py", line 2188, in set_backend
    cls._set_backend(name, dryrun)
    ~~~~~~~~~~~~~~~~^^^^^^^^^^^^^^
  File "C:\Users\asus\Desktop\FastAPI\.venv\Lib\site-packages\passlib\utils\handlers.py", line 2311, in _set_backend
    super(SubclassBackendMixin, cls)._set_backend(name, dryrun)
    ~~~~~~~~~~~~~~~~~~~~~~~~~~~~~~~~~~~~~~~~~~~~~^^^^^^^^^^^^^^
  File "C:\Users\asus\Desktop\FastAPI\.venv\Lib\site-packages\passlib\utils\handlers.py", line 2224, in _set_backend
    ok = loader(**kwds)
  File "C:\Users\asus\Desktop\FastAPI\.venv\Lib\site-packages\passlib\handlers\bcrypt.py", line 626, in _load_backend_mixin
    return mixin_cls._finalize_backend_mixin(name, dryrun)
           ~~~~~~~~~~~~~~~~~~~~~~~~~~~~~~~~~^^^^^^^^^^^^^^
  File "C:\Users\asus\Desktop\FastAPI\.venv\Lib\site-packages\passlib\handlers\bcrypt.py", line 421, in _finalize_backend_mixin
    if detect_wrap_bug(IDENT_2A):
       ~~~~~~~~~~~~~~~^^^^^^^^^^
  File "C:\Users\asus\Desktop\FastAPI\.venv\Lib\site-packages\passlib\handlers\bcrypt.py", line 380, in detect_wrap_bug
    if verify(secret, bug_hash):
       ~~~~~~^^^^^^^^^^^^^^^^^^
  File "C:\Users\asus\Desktop\FastAPI\.venv\Lib\site-packages\passlib\utils\handlers.py", line 792, in verify
    return consteq(self._calc_checksum(secret), chk)
                   ~~~~~~~~~~~~~~~~~~~^^^^^^^^
  File "C:\Users\asus\Desktop\FastAPI\.venv\Lib\site-packages\passlib\handlers\bcrypt.py", line 655, in _calc_checksum
    hash = _bcrypt.hashpw(secret, config)
ValueError: password cannot be longer than 72 bytes, truncate manually if necessary (e.g. my_password[:72])
DEBUG:python_multipart.multipart:Calling on_field_start with no data
DEBUG:python_multipart.multipart:Calling on_field_name with data[0:8]
DEBUG:python_multipart.multipart:Calling on_field_data with data[9:17]
DEBUG:python_multipart.multipart:Calling on_field_end with no data
DEBUG:python_multipart.multipart:Calling on_field_start with no data
DEBUG:python_multipart.multipart:Calling on_field_name with data[18:26]
DEBUG:python_multipart.multipart:Calling on_field_data with data[27:39]
DEBUG:python_multipart.multipart:Calling on_field_end with no data
DEBUG:python_multipart.multipart:Calling on_end with no data
INFO:root:Registering user: testuser
DEBUG:passlib.handlers.bcrypt:detected 'bcrypt' backend, version '4.0.1'
DEBUG:passlib.handlers.bcrypt:'bcrypt' backend lacks $2$ support, enabling workaround
INFO:root:User created: 1
DEBUG:python_multipart.multipart:Calling on_field_start with no data
DEBUG:python_multipart.multipart:Calling on_field_name with data[0:8]
DEBUG:python_multipart.multipart:Calling on_field_data with data[9:17]
DEBUG:python_multipart.multipart:Calling on_field_end with no data
DEBUG:python_multipart.multipart:Calling on_field_start with no data
DEBUG:python_multipart.multipart:Calling on_field_name with data[18:26]
DEBUG:python_multipart.multipart:Calling on_field_data with data[27:39]
DEBUG:python_multipart.multipart:Calling on_field_end with no data
DEBUG:python_multipart.multipart:Calling on_end with no data
